Build started 04.07.2016 13:15:20.
     1>Project "C:\Users\jploog\Documents\Visual Studio 2015\Projects\CodingExercises\CodingExercises\CodingExercises.vcxproj" on node 2 (Build target(s)).
     1>ClCompile:
         C:\Program Files (x86)\Microsoft Visual Studio 14.0\VC\bin\CL.exe /c /Zi /nologo /W3 /WX- /O2 /Oi /Oy- /GL /D WIN32 /D NDEBUG /D _CONSOLE /D _UNICODE /D UNICODE /Gm- /EHsc /MD /GS /Gy /fp:precise /Zc:wchar_t /Zc:forScope /Zc:inline /Yu"stdafx.h" /Fp"Release\CodingExercises.pch" /Fo"Release\\" /Fd"Release\vc140.pdb" /Gd /TP /analyze- /errorReport:prompt CodingExercises.cpp PermutationChallenge.cpp
         CodingExercises.cpp
         PermutationChallenge.cpp
       Link:
         C:\Program Files (x86)\Microsoft Visual Studio 14.0\VC\bin\link.exe /ERRORREPORT:PROMPT /OUT:"C:\Users\jploog\Documents\Visual Studio 2015\Projects\CodingExercises\Release\CodingExercises.exe" /INCREMENTAL:NO /NOLOGO kernel32.lib user32.lib gdi32.lib winspool.lib comdlg32.lib advapi32.lib shell32.lib ole32.lib oleaut32.lib uuid.lib odbc32.lib odbccp32.lib /MANIFEST /MANIFESTUAC:"level='asInvoker' uiAccess='false'" /manifest:embed /Debug /PDB:"C:\Users\jploog\Documents\Visual Studio 2015\Projects\CodingExercises\Release\CodingExercises.pdb" /SUBSYSTEM:CONSOLE /OPT:REF /OPT:ICF /LTCG:incremental /TLBID:1 /DYNAMICBASE /NXCOMPAT /IMPLIB:"C:\Users\jploog\Documents\Visual Studio 2015\Projects\CodingExercises\Release\CodingExercises.lib" /MACHINE:X86 /SAFESEH Release\CodingExercises.obj
         Release\Exercise10.obj
         Release\Exercise10_v2.obj
         Release\Exercise18.obj
         Release\Exercise2.obj
         Release\Exercise25.obj
         Release\Exercise28.obj
         Release\Exercise4.obj
         Release\PermutationChallenge.obj
         Release\stdafx.obj
         Generating code
         5 of 383 functions ( 1.3%) were compiled, the rest were copied from previous compilation.
           3 functions were new in current compilation
           19 functions had inline decision re-evaluated but remain unchanged
         Finished generating code
         CodingExercises.vcxproj -> C:\Users\jploog\Documents\Visual Studio 2015\Projects\CodingExercises\Release\CodingExercises.exe
     1>Done Building Project "C:\Users\jploog\Documents\Visual Studio 2015\Projects\CodingExercises\CodingExercises\CodingExercises.vcxproj" (Build target(s)).

Build succeeded.

Time Elapsed 00:00:03.19
