Build started 05.07.2016 21:55:34.
     1>Project "C:\Users\jploog\Documents\Visual Studio 2015\Projects\CodingExercises\CodingExercises\CodingExercises.vcxproj" on node 2 (Build target(s)).
     1>ClCompile:
         C:\Program Files (x86)\Microsoft Visual Studio 14.0\VC\bin\CL.exe /c /ZI /nologo /W3 /WX- /Od /Oy- /D WIN32 /D _DEBUG /D _CONSOLE /D _UNICODE /D UNICODE /Gm /EHsc /RTC1 /MDd /GS /fp:precise /Zc:wchar_t /Zc:forScope /Zc:inline /Yu"stdafx.h" /Fp"Debug\CodingExercises.pch" /Fo"Debug\\" /Fd"Debug\vc140.pdb" /Gd /TP /analyze- /errorReport:prompt CodingExercises.cpp
         CodingExercises.cpp
       Link:
         C:\Program Files (x86)\Microsoft Visual Studio 14.0\VC\bin\link.exe /ERRORREPORT:PROMPT /OUT:"C:\Users\jploog\Documents\Visual Studio 2015\Projects\CodingExercises\Debug\CodingExercises.exe" /INCREMENTAL /NOLOGO kernel32.lib user32.lib gdi32.lib winspool.lib comdlg32.lib advapi32.lib shell32.lib ole32.lib oleaut32.lib uuid.lib odbc32.lib odbccp32.lib /MANIFEST /MANIFESTUAC:"level='asInvoker' uiAccess='false'" /manifest:embed /Debug /PDB:"C:\Users\jploog\Documents\Visual Studio 2015\Projects\CodingExercises\Debug\CodingExercises.pdb" /SUBSYSTEM:CONSOLE /TLBID:1 /DYNAMICBASE /NXCOMPAT /IMPLIB:"C:\Users\jploog\Documents\Visual Studio 2015\Projects\CodingExercises\Debug\CodingExercises.lib" /MACHINE:X86 Debug\CodingExercises.obj
         Debug\Exercise10.obj
         Debug\Exercise10_v2.obj
         Debug\Exercise18.obj
         Debug\Exercise2.obj
         Debug\Exercise25.obj
         Debug\Exercise28.obj
         Debug\Exercise4.obj
         Debug\FactorialTrailingZeroesChallenge.obj
         Debug\LinkedListReversalChallenge.obj
         Debug\PermutationChallenge.obj
         Debug\NumberToEnglishConversionChallenge.obj
         Debug\stdafx.obj
         Debug\SubArraySumChallenge.obj
         Debug\WildcardStringSearchingChallenge.obj
         CodingExercises.vcxproj -> C:\Users\jploog\Documents\Visual Studio 2015\Projects\CodingExercises\Debug\CodingExercises.exe
     1>Done Building Project "C:\Users\jploog\Documents\Visual Studio 2015\Projects\CodingExercises\CodingExercises\CodingExercises.vcxproj" (Build target(s)).

Build succeeded.

Time Elapsed 00:00:00.44
